{
  "stats": {
    "suites": 1,
    "tests": 3,
    "passes": 3,
    "pending": 0,
    "failures": 0,
    "start": "2024-06-15T21:39:09.797Z",
    "end": "2024-06-15T21:39:15.714Z",
    "duration": 5917,
    "testsRegistered": 3,
    "passPercent": 100,
    "pendingPercent": 0,
    "other": 0,
    "hasOther": false,
    "skipped": 0,
    "hasSkipped": false
  },
  "results": [
    {
      "uuid": "557c9d23-5cd4-465d-8dac-a2457419710d",
      "title": "",
      "fullFile": "cypress/e2e/network_requests/network-requests.js",
      "file": "cypress/e2e/network_requests/network-requests.js",
      "beforeHooks": [],
      "afterHooks": [],
      "tests": [],
      "suites": [
        {
          "uuid": "75fe0e37-6ffe-4587-ae8e-79dc7e3ac569",
          "title": "Network Requests",
          "fullFile": "",
          "file": "",
          "beforeHooks": [],
          "afterHooks": [],
          "tests": [
            {
              "title": "Get Request",
              "fullTitle": "Network Requests Get Request",
              "timedOut": null,
              "duration": 2375,
              "state": "passed",
              "speed": "fast",
              "pass": true,
              "fail": false,
              "pending": false,
              "context": null,
              "code": "cy.intercept({\n  method: \"GET\",\n  url: \"**/comments/*\"\n}, {\n  body: {\n    // Mocking the response\n    postID: 1,\n    id: 1,\n    name: \"George\",\n    email: \"Geo@gmail.com\",\n    body: \"This is a test!\"\n  }\n}).as(\"getComment\");\ncy.get(\".network-btn\").click();\ncy.wait(\"@getComment\").its(\"response.statusCode\").should(\"eq\", 200);",
              "err": {},
              "uuid": "f58d9a52-5189-4315-95ba-a5c3121f7124",
              "parentUUID": "75fe0e37-6ffe-4587-ae8e-79dc7e3ac569",
              "isHook": false,
              "skipped": false
            },
            {
              "title": "Post Request",
              "fullTitle": "Network Requests Post Request",
              "timedOut": null,
              "duration": 1248,
              "state": "passed",
              "speed": "fast",
              "pass": true,
              "fail": false,
              "pending": false,
              "context": null,
              "code": "cy.intercept(\"POST\", \"/comments\").as(\"postComment\");\ncy.get(\".network-post\").click();\ncy.wait(\"@postComment\").should(({\n  request,\n  response\n}) => {\n  console.log(request);\n  expect(request.body).to.include(\"email\");\n  console.log(response);\n  expect(response.body).to.have.property(\"name\", \"Using POST in cy.intercept()\");\n  expect(request.headers).to.have.property(\"content-type\");\n  expect(request.headers).to.have.property(\"origin\", \"https://example.cypress.io\");\n});",
              "err": {},
              "uuid": "6bbfa1b2-ecef-4d8b-bb7b-d073c1afa489",
              "parentUUID": "75fe0e37-6ffe-4587-ae8e-79dc7e3ac569",
              "isHook": false,
              "skipped": false
            },
            {
              "title": "PUT Request",
              "fullTitle": "Network Requests PUT Request",
              "timedOut": null,
              "duration": 728,
              "state": "passed",
              "speed": "fast",
              "pass": true,
              "fail": false,
              "pending": false,
              "context": null,
              "code": "cy.intercept({\n  method: \"PUT\",\n  url: \"**/comments/*\"\n}, {\n  // mocking server response to get status code 404\n  statusCode: 404,\n  body: {\n    error: errorMessage\n  },\n  delay: 500\n}).as(\"putComment\");\ncy.get(\".network-put\").click();\ncy.wait(\"@putComment\");\n// assert configured error message is displayed\ncy.get('.network-put-comment').should('contain', errorMessage);",
              "err": {},
              "uuid": "81531da1-b674-4fb8-a4f0-024e9b873dcb",
              "parentUUID": "75fe0e37-6ffe-4587-ae8e-79dc7e3ac569",
              "isHook": false,
              "skipped": false
            }
          ],
          "suites": [],
          "passes": [
            "f58d9a52-5189-4315-95ba-a5c3121f7124",
            "6bbfa1b2-ecef-4d8b-bb7b-d073c1afa489",
            "81531da1-b674-4fb8-a4f0-024e9b873dcb"
          ],
          "failures": [],
          "pending": [],
          "skipped": [],
          "duration": 4351,
          "root": false,
          "rootEmpty": false,
          "_timeout": 2000
        }
      ],
      "passes": [],
      "failures": [],
      "pending": [],
      "skipped": [],
      "duration": 0,
      "root": true,
      "rootEmpty": true,
      "_timeout": 2000
    }
  ],
  "meta": {
    "mocha": {
      "version": "7.0.1"
    },
    "mochawesome": {
      "options": {
        "quiet": false,
        "reportFilename": "mochawesome",
        "saveHtml": false,
        "saveJson": true,
        "consoleReporter": "spec",
        "useInlineDiffs": false,
        "code": true
      },
      "version": "7.1.3"
    },
    "marge": {
      "options": {
        "reportDir": "cypress/reports/.jsons",
        "overwrite": false,
        "html": false,
        "json": true
      },
      "version": "6.2.0"
    }
  }
}