{
  "stats": {
    "suites": 1,
    "tests": 5,
    "passes": 5,
    "pending": 0,
    "failures": 0,
    "start": "2024-06-14T20:54:50.341Z",
    "end": "2024-06-14T20:54:52.036Z",
    "duration": 1695,
    "testsRegistered": 5,
    "passPercent": 100,
    "pendingPercent": 0,
    "other": 0,
    "hasOther": false,
    "skipped": 0,
    "hasSkipped": false
  },
  "results": [
    {
      "uuid": "4e7fba26-e071-4ae6-96b2-07e7a633fe85",
      "title": "",
      "fullFile": "cypress/e2e/api/api_tests.js",
      "file": "cypress/e2e/api/api_tests.js",
      "beforeHooks": [],
      "afterHooks": [],
      "tests": [],
      "suites": [
        {
          "uuid": "60ef913f-f691-4915-aafc-23d9df0c76ea",
          "title": "API test suite for Reqres",
          "fullFile": "",
          "file": "",
          "beforeHooks": [],
          "afterHooks": [],
          "tests": [
            {
              "title": "GET users - should return list of users",
              "fullTitle": "API test suite for Reqres GET users - should return list of users",
              "timedOut": null,
              "duration": 453,
              "state": "passed",
              "speed": "fast",
              "pass": true,
              "fail": false,
              "pending": false,
              "context": null,
              "code": "cy.request(`${baseUrl}/users?page=2`).then(response => {\n  expect(response.status).to.eq(200);\n  expect(response.body.data).to.have.length(6);\n});",
              "err": {},
              "uuid": "a2fdc6d2-a240-4a2c-bac5-1dc8ffe01669",
              "parentUUID": "60ef913f-f691-4915-aafc-23d9df0c76ea",
              "isHook": false,
              "skipped": false
            },
            {
              "title": "GET users - should return user details",
              "fullTitle": "API test suite for Reqres GET users - should return user details",
              "timedOut": null,
              "duration": 124,
              "state": "passed",
              "speed": "fast",
              "pass": true,
              "fail": false,
              "pending": false,
              "context": null,
              "code": "cy.request(`${baseUrl}/users/7`).then(response => {\n  expect(response.status).to.eq(200);\n  expect(response.body.data).to.have.property('first_name', 'Michael');\n  expect(response.body.data).to.have.property('last_name', 'Lawson');\n  expect(response.body.data).to.have.property('email', 'michael.lawson@reqres.in');\n});",
              "err": {},
              "uuid": "9da437de-d646-4a28-82fd-a2805b9d6523",
              "parentUUID": "60ef913f-f691-4915-aafc-23d9df0c76ea",
              "isHook": false,
              "skipped": false
            },
            {
              "title": "POST users - should create a new user",
              "fullTitle": "API test suite for Reqres POST users - should create a new user",
              "timedOut": null,
              "duration": 354,
              "state": "passed",
              "speed": "fast",
              "pass": true,
              "fail": false,
              "pending": false,
              "context": null,
              "code": "cy.fixture('user').then(user => {\n  cy.request('POST', `${baseUrl}/users`, user.newUser).then(response => {\n    expect(response.status).to.eq(201);\n    expect(response.body).to.have.property('name', user.newUser.name);\n    expect(response.body).to.have.property('job', user.newUser.job);\n  });\n});",
              "err": {},
              "uuid": "040184ac-bb26-41e2-9617-d129e32c209c",
              "parentUUID": "60ef913f-f691-4915-aafc-23d9df0c76ea",
              "isHook": false,
              "skipped": false
            },
            {
              "title": "Put users - should update existing user",
              "fullTitle": "API test suite for Reqres Put users - should update existing user",
              "timedOut": null,
              "duration": 298,
              "state": "passed",
              "speed": "fast",
              "pass": true,
              "fail": false,
              "pending": false,
              "context": null,
              "code": "cy.fixture('user').then(user => {\n  cy.request('PUT', `${baseUrl}/users/1`, user.updatedUser).then(response => {\n    expect(response.status).to.eq(200);\n    expect(response.body).to.have.property('name', user.updatedUser.name);\n    expect(response.body).to.have.property('job', user.updatedUser.job);\n  });\n});",
              "err": {},
              "uuid": "e70fffc2-9971-4a52-bf8c-97c59f7af1db",
              "parentUUID": "60ef913f-f691-4915-aafc-23d9df0c76ea",
              "isHook": false,
              "skipped": false
            },
            {
              "title": "Delete users - should delete specific user",
              "fullTitle": "API test suite for Reqres Delete users - should delete specific user",
              "timedOut": null,
              "duration": 394,
              "state": "passed",
              "speed": "fast",
              "pass": true,
              "fail": false,
              "pending": false,
              "context": null,
              "code": "cy.request('DELETE', `${baseUrl}/users/4`).then(response => {\n  expect(response.status).to.eq(204);\n});",
              "err": {},
              "uuid": "bdd892bc-bdd7-49ba-85ea-9d9d1142a757",
              "parentUUID": "60ef913f-f691-4915-aafc-23d9df0c76ea",
              "isHook": false,
              "skipped": false
            }
          ],
          "suites": [],
          "passes": [
            "a2fdc6d2-a240-4a2c-bac5-1dc8ffe01669",
            "9da437de-d646-4a28-82fd-a2805b9d6523",
            "040184ac-bb26-41e2-9617-d129e32c209c",
            "e70fffc2-9971-4a52-bf8c-97c59f7af1db",
            "bdd892bc-bdd7-49ba-85ea-9d9d1142a757"
          ],
          "failures": [],
          "pending": [],
          "skipped": [],
          "duration": 1623,
          "root": false,
          "rootEmpty": false,
          "_timeout": 2000
        }
      ],
      "passes": [],
      "failures": [],
      "pending": [],
      "skipped": [],
      "duration": 0,
      "root": true,
      "rootEmpty": true,
      "_timeout": 2000
    }
  ],
  "meta": {
    "mocha": {
      "version": "7.0.1"
    },
    "mochawesome": {
      "options": {
        "quiet": false,
        "reportFilename": "mochawesome",
        "saveHtml": false,
        "saveJson": true,
        "consoleReporter": "spec",
        "useInlineDiffs": false,
        "code": true
      },
      "version": "7.1.3"
    },
    "marge": {
      "options": {
        "reportDir": "cypress/reports/.jsons",
        "overwrite": false,
        "html": false,
        "json": true
      },
      "version": "6.2.0"
    }
  }
}