{
  "stats": {
    "suites": 1,
    "tests": 5,
    "passes": 5,
    "pending": 0,
    "failures": 0,
    "start": "2024-06-15T21:39:07.018Z",
    "end": "2024-06-15T21:39:08.892Z",
    "duration": 1874,
    "testsRegistered": 5,
    "passPercent": 100,
    "pendingPercent": 0,
    "other": 0,
    "hasOther": false,
    "skipped": 0,
    "hasSkipped": false
  },
  "results": [
    {
      "uuid": "23a58083-5b1e-42b0-943b-b65d384c8320",
      "title": "",
      "fullFile": "cypress/e2e/api/api_tests.js",
      "file": "cypress/e2e/api/api_tests.js",
      "beforeHooks": [],
      "afterHooks": [],
      "tests": [],
      "suites": [
        {
          "uuid": "5426346f-4ffb-47ba-b9b4-ddd0b9d37181",
          "title": "API test suite for Reqres",
          "fullFile": "",
          "file": "",
          "beforeHooks": [],
          "afterHooks": [],
          "tests": [
            {
              "title": "GET users - should return list of users",
              "fullTitle": "API test suite for Reqres GET users - should return list of users",
              "timedOut": null,
              "duration": 518,
              "state": "passed",
              "speed": "fast",
              "pass": true,
              "fail": false,
              "pending": false,
              "context": null,
              "code": "cy.request(`${baseUrl}/users?page=2`).then(response => {\n  expect(response.status).to.eq(200);\n  expect(response.body.data).to.have.length(6);\n});",
              "err": {},
              "uuid": "4061ce46-051f-41d1-affd-161630c0b26f",
              "parentUUID": "5426346f-4ffb-47ba-b9b4-ddd0b9d37181",
              "isHook": false,
              "skipped": false
            },
            {
              "title": "GET users - should return user details",
              "fullTitle": "API test suite for Reqres GET users - should return user details",
              "timedOut": null,
              "duration": 323,
              "state": "passed",
              "speed": "fast",
              "pass": true,
              "fail": false,
              "pending": false,
              "context": null,
              "code": "cy.request(`${baseUrl}/users/7`).then(response => {\n  expect(response.status).to.eq(200);\n  expect(response.body.data).to.have.property('first_name', 'Michael');\n  expect(response.body.data).to.have.property('last_name', 'Lawson');\n  expect(response.body.data).to.have.property('email', 'michael.lawson@reqres.in');\n});",
              "err": {},
              "uuid": "bfe81325-6dc8-4a48-86b5-80b7be44b3dd",
              "parentUUID": "5426346f-4ffb-47ba-b9b4-ddd0b9d37181",
              "isHook": false,
              "skipped": false
            },
            {
              "title": "POST users - should create a new user",
              "fullTitle": "API test suite for Reqres POST users - should create a new user",
              "timedOut": null,
              "duration": 336,
              "state": "passed",
              "speed": "fast",
              "pass": true,
              "fail": false,
              "pending": false,
              "context": null,
              "code": "cy.fixture('user').then(user => {\n  cy.request('POST', `${baseUrl}/users`, user.newUser).then(response => {\n    expect(response.status).to.eq(201);\n    expect(response.body).to.have.property('name', user.newUser.name);\n    expect(response.body).to.have.property('job', user.newUser.job);\n  });\n});",
              "err": {},
              "uuid": "d138825f-5522-497a-8949-03966a39c508",
              "parentUUID": "5426346f-4ffb-47ba-b9b4-ddd0b9d37181",
              "isHook": false,
              "skipped": false
            },
            {
              "title": "Put users - should update existing user",
              "fullTitle": "API test suite for Reqres Put users - should update existing user",
              "timedOut": null,
              "duration": 293,
              "state": "passed",
              "speed": "fast",
              "pass": true,
              "fail": false,
              "pending": false,
              "context": null,
              "code": "cy.fixture('user').then(user => {\n  cy.request('PUT', `${baseUrl}/users/1`, user.updatedUser).then(response => {\n    expect(response.status).to.eq(200);\n    expect(response.body).to.have.property('name', user.updatedUser.name);\n    expect(response.body).to.have.property('job', user.updatedUser.job);\n  });\n});",
              "err": {},
              "uuid": "5c4a87c9-6fd6-4a87-a117-3b3c96a23d4f",
              "parentUUID": "5426346f-4ffb-47ba-b9b4-ddd0b9d37181",
              "isHook": false,
              "skipped": false
            },
            {
              "title": "Delete users - should delete specific user",
              "fullTitle": "API test suite for Reqres Delete users - should delete specific user",
              "timedOut": null,
              "duration": 284,
              "state": "passed",
              "speed": "fast",
              "pass": true,
              "fail": false,
              "pending": false,
              "context": null,
              "code": "cy.request('DELETE', `${baseUrl}/users/4`).then(response => {\n  expect(response.status).to.eq(204);\n});",
              "err": {},
              "uuid": "ebc75a9a-daaf-4454-a899-e8aa466df4b9",
              "parentUUID": "5426346f-4ffb-47ba-b9b4-ddd0b9d37181",
              "isHook": false,
              "skipped": false
            }
          ],
          "suites": [],
          "passes": [
            "4061ce46-051f-41d1-affd-161630c0b26f",
            "bfe81325-6dc8-4a48-86b5-80b7be44b3dd",
            "d138825f-5522-497a-8949-03966a39c508",
            "5c4a87c9-6fd6-4a87-a117-3b3c96a23d4f",
            "ebc75a9a-daaf-4454-a899-e8aa466df4b9"
          ],
          "failures": [],
          "pending": [],
          "skipped": [],
          "duration": 1754,
          "root": false,
          "rootEmpty": false,
          "_timeout": 2000
        }
      ],
      "passes": [],
      "failures": [],
      "pending": [],
      "skipped": [],
      "duration": 0,
      "root": true,
      "rootEmpty": true,
      "_timeout": 2000
    }
  ],
  "meta": {
    "mocha": {
      "version": "7.0.1"
    },
    "mochawesome": {
      "options": {
        "quiet": false,
        "reportFilename": "mochawesome",
        "saveHtml": false,
        "saveJson": true,
        "consoleReporter": "spec",
        "useInlineDiffs": false,
        "code": true
      },
      "version": "7.1.3"
    },
    "marge": {
      "options": {
        "reportDir": "cypress/reports/.jsons",
        "overwrite": false,
        "html": false,
        "json": true
      },
      "version": "6.2.0"
    }
  }
}